<wxlog>
  <threadId>#main</threadId>
  <timestamp>18:50:56:2484</timestamp>
  <msgtype>MsgWXLogLaunch</msgtype>
  <content>[The WXLogger is launched!]</content>
  <stackFrames>
[CALL STACK][0]: Method:WXTextureTools.Application.Options.OptionsConfig..ctor; File:.0
[CALL STACK][1]: Method:WXTextureTools.Application.App..ctor; File:.0
[CALL STACK][2]: Method:WXTextureTools.Program.Main; File:.0
</stackFrames>
</wxlog>
<wxlog>
  <threadId>#main</threadId>
  <timestamp>18:50:56:2642</timestamp>
  <msgtype>MsgMixture</msgtype>
  <content>string|String[]
OptionsConfig,-option=fbDecompress
-classDataPath=D:/Mine/Project/MiniGame_EarthDefender/MiniGame_EarthDefender/Assets\WX-WASM-SDK-V2\Editor/TextureEditor/classdata.tpk
-dataDir=D:/Mine/Project/MiniGame_EarthDefender/MiniGame_EarthDefender/TextToolDatas
-sourcePath=D:/Mine/Project/MiniGame_EarthDefender/MiniGame_EarthDefender/TextToolDatas\slim\backup.txt
</content>
  <stackFrames>
[CALL STACK][0]: Method:WXTextureTools.Application.App..ctor; File:.0
[CALL STACK][1]: Method:WXTextureTools.Program.Main; File:.0
</stackFrames>
</wxlog>
<wxlog>
  <threadId>#main</threadId>
  <timestamp>18:50:56:2672</timestamp>
  <msgtype>MsgMixture</msgtype>
  <content>string|string
UnityBridgeHandler - SetDataDir,D:/Mine/Project/MiniGame_EarthDefender/MiniGame_EarthDefender/TextToolDatas\temp</content>
  <stackFrames>
[CALL STACK][0]: Method:WXTextureTools.Program.Main; File:.0
</stackFrames>
</wxlog>
<wxlog>
  <threadId>#main</threadId>
  <timestamp>18:50:56:2911</timestamp>
  <msgtype>MsgMixture</msgtype>
  <content>string|string
BundlePicRecord initFile,D:/Mine/Project/MiniGame_EarthDefender/MiniGame_EarthDefender/TextToolDatas\FIRSTBUNDLETEXTURES.json</content>
  <stackFrames>
[CALL STACK][0]: Method:WXTextureTools.Application.AppCmdExec.WXFirstBundleDecompressExec.todo; File:.0
[CALL STACK][1]: Method:WXTextureTools.Application.App.process; File:.0
[CALL STACK][2]: Method:WXTextureTools.Application.App..ctor; File:.0
</stackFrames>
</wxlog>
<wxlog>
  <threadId>#main</threadId>
  <timestamp>18:50:56:2921</timestamp>
  <msgtype>MsgString</msgtype>
  <content>BundlePicRecord initFile File</content>
  <stackFrames>
[CALL STACK][0]: Method:WXTextureTools.Application.AppCmdExec.WXFirstBundleDecompressExec.todo; File:.0
[CALL STACK][1]: Method:WXTextureTools.Application.App.process; File:.0
[CALL STACK][2]: Method:WXTextureTools.Application.App..ctor; File:.0
</stackFrames>
</wxlog>
<wxlog>
  <threadId>#main</threadId>
  <timestamp>18:50:56:2931</timestamp>
  <msgtype>MsgMixture</msgtype>
  <content>string|string
BundlePicRecord readAllRecord,</content>
  <stackFrames>
[CALL STACK][0]: Method:WXTextureTools.Application.App.process; File:.0
[CALL STACK][1]: Method:WXTextureTools.Application.App..ctor; File:.0
[CALL STACK][2]: Method:WXTextureTools.Program.Main; File:.0
</stackFrames>
</wxlog>
<wxlog>
  <threadId>#main</threadId>
  <timestamp>18:50:57:5730</timestamp>
  <msgtype>MsgMixture</msgtype>
  <content>string|string
BundlePicRecord save,{"timestamp":0,"files":[{"path":"D:/Mine/Project/MiniGame_EarthDefender/MiniGame_EarthDefender/TextToolDatas\\slim\\backup.txt","dstPath":null,"md5":"9e5e05d25cdcb16c","textures":[{"width":128,"height":128,"name":"Soft.c1d63e75","astc":null,"limittype":null},{"width":128,"height":58,"name":"UnityWatermark-small.d7411008","astc":null,"limittype":"1"},{"width":74,"height":71,"name":"EscToExit_back.21b1540e","astc":null,"limittype":"1"},{"width":267,"height":20,"name":"EscToExit_Text.2e1ee8b4","astc":null,"limittype":"1"},{"width":512,"height":94,"name":"UnityWatermark-trial-big.66f46ac8","astc":null,"limittype":"1"},{"width":76,"height":14,"name":"UnityWatermark-trial.60b4e34e","astc":null,"limittype":"1"},{"width":127,"height":17,"name":"UnityWatermark-beta.dd37c61b","astc":null,"limittype":"1"},{"width":148,"height":17,"name":"UnityWatermark-edu.a8c472ae","astc":null,"limittype":"1"},{"width":115,"height":17,"name":"UnityWatermark-dev.ae1fc174","astc":null,"limittype":"1"},{"width":64,"height":64,"name":"WarningSign.59b8d955","astc":null,"limittype":null},{"width":87,"height":13,"name":"UnityWatermark-proto.5084375a","astc":null,"limittype":"1"},{"width":66,"height":17,"name":"UnityWatermarkPlugin-beta.52403834","astc":null,"limittype":"1"},{"width":12,"height":12,"name":"box.643f5df8","astc":null,"limittype":null},{"width":12,"height":12,"name":"button%20active.c15aedb7","astc":null,"limittype":null},{"width":12,"height":12,"name":"button%20hover.42efb15e","astc":null,"limittype":null},{"width":12,"height":12,"name":"button%20on%20hover.2c40c4b8","astc":null,"limittype":null},{"width":12,"height":12,"name":"button%20on.7ff0e5a1","astc":null,"limittype":null},{"width":12,"height":12,"name":"button.bdec6b82","astc":null,"limittype":null},{"width":12,"height":12,"name":"horizontal%20scrollbar%20thumb.4137b46d","astc":null,"limittype":null},{"width":18,"height":15,"name":"horizontal%20scrollbar.0ac38291","astc":null,"limittype":"1"},{"width":8,"height":7,"name":"horizontalslider.722f02b2","astc":null,"limittype":"1"},{"width":8,"height":12,"name":"slider%20thumb%20active.168a62a9","astc":null,"limittype":null},{"width":8,"height":12,"name":"slider%20thumb.a7acef71","astc":null,"limittype":null},{"width":8,"height":12,"name":"slidert%20humb%20hover.0c248117","astc":null,"limittype":null},{"width":14,"height":14,"name":"toggle%20active.e32a2ca9","astc":null,"limittype":"1"},{"width":14,"height":14,"name":"toggle%20hover.614620f6","astc":null,"limittype":"1"},{"width":14,"height":14,"name":"toggle%20on%20hover.528d6b34","astc":null,"limittype":"1"},{"width":14,"height":14,"name":"toggle%20on.1f99750a","astc":null,"limittype":"1"},{"width":14,"height":14,"name":"toggle%20on%20active.9d52caeb","astc":null,"limittype":"1"},{"width":14,"height":14,"name":"toggle.6eafbcb0","astc":null,"limittype":"1"},{"width":12,"height":12,"name":"vertical%20scrollbar%20thumb.7ba97313","astc":null,"limittype":null},{"width":15,"height":18,"name":"vertical%20scrollbar.d38290f1","astc":null,"limittype":"1"},{"width":7,"height":8,"name":"verticalslider.58266f5f","astc":null,"limittype":"1"},{"width":17,"height":27,"name":"window%20on.38a76040","astc":null,"limittype":"1"},{"width":17,"height":27,"name":"window.a62d1258","astc":null,"limittype":"1"},{"width":12,"height":12,"name":"textfield.a75d69ec","astc":null,"limittype":null},{"width":12,"height":12,"name":"textfield%20on.f2c2fb5c","astc":null,"limittype":null},{"width":12,"height":12,"name":"textfield%20hover.8c7ae9d8","astc":null,"limittype":null},{"width":32,"height":32,"name":"UnitySplash-HolographicTrackingLoss.cbf38e69","astc":null,"limittype":null},{"width":2048,"height":1024,"name":"Splash%20Screen%20Unity%20Logo.05ef6840","astc":null,"limittype":null},{"width":32,"height":32,"name":"UISprite.b48f75d0","astc":null,"limittype":null},{"width":32,"height":32,"name":"Background.665e03a7","astc":null,"limittype":null},{"width":64,"height":64,"name":"Knob.dadd3d45","astc":null,"limittype":null},{"width":32,"height":32,"name":"UIMask.09363183","astc":null,"limittype":null},{"width":512,"height":512,"name":"earth.ae7536e3","astc":null,"limittype":null},{"width":512,"height":512,"name":"item_diamond.156e4dee","astc":null,"limittype":null},{"width":128,"height":128,"name":"item_chest.8982d03d","astc":null,"limittype":null},{"width":418,"height":512,"name":"ui_mainhall_mainlayer_battle_info_dec_4.9b727c04","astc":null,"limittype":"1"},{"width":96,"height":128,"name":"ui_player_bottomtabs_shop_chosen.7dc6aaf9","astc":null,"limittype":null},{"width":113,"height":128,"name":"ui_player_bottomtabs_dev_chosen.3a87793d","astc":null,"limittype":"1"},{"width":46,"height":64,"name":"ui_player_bottomtabs_main_icon.57390d0e","astc":null,"limittype":"1"},{"width":128,"height":92,"name":"ui_mainhall_mainlayer_battle_info_dec_1.4284a8b9","astc":null,"limittype":null},{"width":406,"height":512,"name":"ui_mainhall_mainlayer_battle_info_bg.12353697","astc":null,"limittype":"1"},{"width":256,"height":256,"name":"Square.cf90f119","astc":null,"limittype":null},{"width":126,"height":256,"name":"card_purple.95011c54","astc":null,"limittype":"1"},{"width":47,"height":64,"name":"ui_player_bottomtabs_dev_icon.53a34b1b","astc":null,"limittype":"1"},{"width":124,"height":128,"name":"weapon_piece.f6d1e69f","astc":null,"limittype":null},{"width":102,"height":128,"name":"common_lock_2.30721b29","astc":null,"limittype":"1"},{"width":64,"height":64,"name":"item_gold.ae4a6de8","astc":null,"limittype":null},{"width":91,"height":128,"name":"common_lock.f9a79583","astc":null,"limittype":"1"},{"width":128,"height":128,"name":"Material_Brick.f72e3dba","astc":null,"limittype":null},{"width":96,"height":128,"name":"ui_player_bottomtabs_shop_unchoose.6b4578e8","astc":null,"limittype":null},{"width":25,"height":32,"name":"Dev_Arrow.f195aa91","astc":null,"limittype":"1"},{"width":128,"height":28,"name":"ui_player_toppanel_bg.94669788","astc":null,"limittype":null},{"width":1024,"height":1024,"name":"earth_shield.f54fa6f5","astc":null,"limittype":null},{"width":82,"height":128,"name":"ui_player_bottomtabs_weapon_chosen.eea6a207","astc":null,"limittype":"1"},{"width":113,"height":128,"name":"ui_player_bottomtabs_dev_unchoose.0043a50a","astc":null,"limittype":"1"},{"width":126,"height":256,"name":"card_blue.39bfd732","astc":null,"limittype":"1"},{"width":876,"height":1024,"name":"ui_mainhall_bg.849a69e9","astc":null,"limittype":null},{"width":256,"height":132,"name":"portal_1_4.2c548559","astc":null,"limittype":null},{"width":126,"height":256,"name":"card_orange.d1d9a386","astc":null,"limittype":"1"},{"width":64,"height":64,"name":"ui_battle_pause.e84e0543","astc":null,"limittype":null},{"width":59,"height":64,"name":"ui_player_bottomtabs_weapon_icon.52e385dc","astc":null,"limittype":"1"},{"width":256,"height":252,"name":"ui_mainhall_mainlayer_battle_info_start.1f8e6f38","astc":null,"limittype":null},{"width":128,"height":128,"name":"vfx_img_quad_rangle.0e2ea0b8","astc":null,"limittype":null},{"width":575,"height":1024,"name":"dec_2.b00dcdef","astc":null,"limittype":"1"},{"width":256,"height":132,"name":"portal_1_3.9495bf73","astc":null,"limittype":null},{"width":512,"height":512,"name":"dec_2_mask.7ac8308e","astc":null,"limittype":null},{"width":169,"height":256,"name":"icon_tricardbg_1.b5af76a2","astc":null,"limittype":"1"},{"width":256,"height":256,"name":"Circle.89da51d8","astc":null,"limittype":null},{"width":256,"height":132,"name":"portal_1_1.2fe58ad6","astc":null,"limittype":null},{"width":256,"height":109,"name":"ui_card_getall.52712dbc","astc":null,"limittype":"1"},{"width":77,"height":128,"name":"ui_player_bottomtabs_main_unchoose.deecbb94","astc":null,"limittype":"1"},{"width":512,"height":287,"name":"dec_1.705459e6","astc":null,"limittype":"1"},{"width":107,"height":128,"name":"ui_player_bottomtabs_shop_icon.0bc55511","astc":null,"limittype":"1"},{"width":32,"height":32,"name":"ui_common_redpoint.ddb5b872","astc":null,"limittype":null},{"width":82,"height":128,"name":"ui_player_bottomtabs_weapon_unchoose.5b874a10","astc":null,"limittype":"1"},{"width":256,"height":132,"name":"portal_1_2.760073a2","astc":null,"limittype":null},{"width":256,"height":171,"name":"earth_weapon_show.d1b8e4ed","astc":null,"limittype":"1"},{"width":1024,"height":882,"name":"bg_star.f788c076","astc":null,"limittype":"1"},{"width":77,"height":128,"name":"ui_player_bottomtabs_main_chosen.00037af1","astc":null,"limittype":"1"},{"width":256,"height":109,"name":"ui_card_refresh.c0af835e","astc":null,"limittype":"1"},{"width":126,"height":256,"name":"card_green.4e282fdd","astc":null,"limittype":"1"},{"width":64,"height":64,"name":"ui_common_tips.a198d9a2","astc":null,"limittype":null},{"width":247,"height":256,"name":"ui_mainhall_mainlayer_battle_info_dec_3.2b0a5cd2","astc":null,"limittype":"1"},{"width":32,"height":32,"name":"ui_common_ad.ad9a17e2","astc":null,"limittype":null},{"width":32,"height":32,"name":"InputFieldBackground.580ed5f0","astc":null,"limittype":null},{"width":512,"height":232,"name":"dec_3.a11e6a57","astc":null,"limittype":null},{"width":256,"height":256,"name":"bullet_battle_5.c6177b82","astc":null,"limittype":null},{"width":576,"height":1024,"name":"bg.2ea4cd80","astc":null,"limittype":null},{"width":73,"height":77,"name":"bullet_battle_11.9ee0eb7c","astc":null,"limittype":"1"},{"width":62,"height":64,"name":"enemy_1.59630c95","astc":null,"limittype":"1"},{"width":40,"height":80,"name":"bullet_battle_10.45bd1d26","astc":null,"limittype":null},{"width":64,"height":10,"name":"bullet_battle_7.69954ca9","astc":null,"limittype":"1"},{"width":256,"height":256,"name":"bullets_atlas.b3a21d20","astc":null,"limittype":null},{"width":34,"height":118,"name":"bullet_battle_9.0e552120","astc":null,"limittype":"1"},{"width":256,"height":256,"name":"vfx_img_boom.5b8bcd6e","astc":null,"limittype":null},{"width":145,"height":63,"name":"bullet_battle_12.1aeb55b3","astc":null,"limittype":"1"},{"width":169,"height":256,"name":"bullet_2.b5af76a2","astc":null,"limittype":"1"}]}]}</content>
  <stackFrames>
[CALL STACK][0]: Method:WXTextureTools.Application.App.process; File:.0
[CALL STACK][1]: Method:WXTextureTools.Application.App..ctor; File:.0
[CALL STACK][2]: Method:WXTextureTools.Program.Main; File:.0
</stackFrames>
</wxlog>
